
> boombox-design-system@1.0.0 build-storybook
> cd apps/storybook && npm run build-storybook --output-dir /var/folders/_2/cscqnkkn689g1wrlvkpt3h380000gn/T/chromatic--12657-vaxWW8KbZ9GA


> @boombox/storybook@1.0.0 build-storybook
> storybook build /var/folders/_2/cscqnkkn689g1wrlvkpt3h380000gn/T/chromatic--12657-vaxWW8KbZ9GA

@storybook/cli v7.6.20

info => Cleaning outputDir: /storybook-static
info => Loading presets
info => Building manager..
info => Manager built (234 ms)
info => Building preview..
info => Copying static files: /Users/calvinhemington/Desktop/boombox-design-system/node_modules/@storybook/manager/static at /Users/calvinhemington/Desktop/boombox-design-system/apps/storybook/storybook-static/sb-common-assets
WARN No story files found for the specified pattern: stories/**/*.stories.@(js|jsx|ts|tsx)
vite v4.5.14 building for production...

./sb-common-assets/fonts.css doesn't exist at build time, it will remain unchanged to be resolved at runtime
transforming...
../../node_modules/telejson/dist/index.mjs (1413:15) Use of eval in "../../node_modules/telejson/dist/index.mjs" is strongly discouraged as it poses security risks and may cause issues with minification.
../../node_modules/telejson/dist/index.mjs (1416:18) Use of eval in "../../node_modules/telejson/dist/index.mjs" is strongly discouraged as it poses security risks and may cause issues with minification.
✓ 564 modules transformed.
rendering chunks...
computing gzip size...
storybook-static/iframe.html                                     12.86 kB │ gzip:   3.64 kB
storybook-static/assets/preview-f3c79790.css                      2.05 kB │ gzip:   0.73 kB
storybook-static/assets/_commonjsHelpers-725317a4.js              0.24 kB │ gzip:   0.18 kB
storybook-static/assets/preview-5729e583.js                       0.25 kB │ gzip:   0.20 kB
storybook-static/assets/WithTooltip-V3YHNWJZ-a2659192.js          0.39 kB │ gzip:   0.25 kB
storybook-static/assets/syntaxhighlighter-MJWPISIS-427a5a32.js    0.40 kB │ gzip:   0.27 kB
storybook-static/assets/preview-42c73fa7.js                       0.47 kB │ gzip:   0.31 kB
storybook-static/assets/index-8f470f4f.js                         0.58 kB │ gzip:   0.35 kB
storybook-static/assets/preview-2ff2accb.js                       0.64 kB │ gzip:   0.45 kB
storybook-static/assets/index-356e4a49.js                         0.77 kB │ gzip:   0.47 kB
storybook-static/assets/preview-0ef86afd.js                       0.86 kB │ gzip:   0.55 kB
storybook-static/assets/entry-preview-0107f06d.js                 1.12 kB │ gzip:   0.66 kB
storybook-static/assets/index-1b441bc2.js                         2.59 kB │ gzip:   1.26 kB
storybook-static/assets/preview-30b54f76.js                       3.21 kB │ gzip:   1.37 kB
storybook-static/assets/iframe-3f28f5c2.js                        3.86 kB │ gzip:   1.55 kB
storybook-static/assets/preview-d01b88e8.js                       5.23 kB │ gzip:   2.41 kB
storybook-static/assets/index-8a57d176.js                         7.18 kB │ gzip:   2.92 kB
storybook-static/assets/preview-da31036b.js                       7.62 kB │ gzip:   1.55 kB
storybook-static/assets/preview-c56bf6ac.js                       8.28 kB │ gzip:   3.17 kB
storybook-static/assets/Color-6VNJS4EI-25388b9d.js               31.00 kB │ gzip:  11.74 kB
storybook-static/assets/preview-c82afb13.js                      72.16 kB │ gzip:  24.46 kB
storybook-static/assets/_getPrototype-525a453c.js                78.40 kB │ gzip:  23.54 kB
storybook-static/assets/react-18-8d40eb38.js                    134.50 kB │ gzip:  43.38 kB
storybook-static/assets/entry-preview-docs-7425a1b3.js          327.63 kB │ gzip: 101.32 kB
storybook-static/assets/DocsRenderer-NNNQARDV-3c9bc799.js       545.24 kB │ gzip: 179.13 kB
storybook-static/assets/Button.stories-66eddbc0.js              567.87 kB │ gzip: 151.24 kB
storybook-static/assets/formatter-SWP5E3XI-36e2fb5f.js          601.59 kB │ gzip: 186.23 kB

(!) Some chunks are larger than 500 kBs after minification. Consider:
- Using dynamic import() to code-split the application
- Use build.rollupOptions.output.manualChunks to improve chunking: https://rollupjs.org/configuration-options/#output-manualchunks
- Adjust chunk size limit for this warning via build.chunkSizeWarningLimit.
✓ built in 10.76s
info => Preview built (11 s)
info => Output directory: /Users/calvinhemington/Desktop/boombox-design-system/apps/storybook/storybook-static
