
Chromatic CLI v7.6.0
https://www.chromatic.com/docs/cli

Authenticating with Chromatic
    → Connecting to https://index.chromatic.com
⚠ Using outdated package
You are using an outdated version of the Chromatic CLI (v7.6.0).
A new major version is available (v13.1.2).
Run npm install chromatic@latest --save-dev to upgrade.
Authenticated with Chromatic
    → Using project token '****************5c43'
Retrieving git information
Retrieved git information
    → Commit 'c4d54e0' on branch 'test-chromatic'; no ancestor found
Collecting Storybook metadata
Collected Storybook metadata
    → ; no supported addons found
Initializing build
Initialized build
    → Build 1 initialized
Building your Storybook
    → Running command: npm run build-storybook -- --output-dir /var/folders/_2/cscqnkkn689g1wrlvkpt3h380000gn/T/chromatic--10375-wWX0MHGK2qav
The CLI tried to run your build-storybook script, but the command failed. This indicates a problem with your Storybook. Here's what to do:

- Check the Storybook build log printed below.
- Run npm run build-storybook or yarn build-storybook yourself and make sure it outputs a valid Storybook by opening the generated index.html in your browser.
- Review the build-storybook CLI options at https://storybook.js.org/docs/configurations/cli-options/#for-build-storybook

Command failed with exit code 1: npm run build-storybook -- --output-dir /var/folders/_2/cscqnkkn689g1wrlvkpt3h380000gn/T/chromatic--10375-wWX0MHGK2qav

ℹ Build command:
npm run build-storybook -- --output-dir /var/folders/_2/cscqnkkn689g1wrlvkpt3h380000gn/T/chromatic--10375-wWX0MHGK2qav

ℹ Runtime metadata:
{
  "nodePlatform": "darwin",
  "nodeVersion": "22.17.0",
  "packageManager": "npm",
  "packageManagerVersion": "10.9.2"
}

ℹ Storybook build output:
/Users/calvinhemington/Desktop/boombox-design-system/build-storybook.log

> boombox-design-system@1.0.0 build-storybook
> cd apps/storybook && npm run build --output-dir /var/folders/_2/cscqnkkn689g1wrlvkpt3h380000gn/T/chromatic--10375-wWX0MHGK2qav
> boombox-design-system@1.0.0 build
> lerna run build /var/folders/_2/cscqnkkn689g1wrlvkpt3h380000gn/T/chromatic--10375-wWX0MHGK2qav
ERR! lerna Unknown argument: /var/folders/_2/cscqnkkn689g1wrlvkpt3h380000gn/T/chromatic--10375-wWX0MHGK2qav
